{"D:\\TD_Whitelabelstorefront_BE_nodejs_FE_reactjs_FE_angularjs-\\backend\\src\\app.js":{"path":"D:\\TD_Whitelabelstorefront_BE_nodejs_FE_reactjs_FE_angularjs-\\backend\\src\\app.js","statementMap":{"0":{"start":{"line":2,"column":16},"end":{"line":2,"column":34}},"1":{"start":{"line":3,"column":12},"end":{"line":3,"column":21}},"2":{"start":{"line":4,"column":0},"end":{"line":4,"column":24}},"3":{"start":{"line":10,"column":16},"end":{"line":13,"column":1}},"4":{"start":{"line":15,"column":0},"end":{"line":19,"column":3}},"5":{"start":{"line":16,"column":17},"end":{"line":16,"column":51}},"6":{"start":{"line":17,"column":2},"end":{"line":17,"column":72}},"7":{"start":{"line":17,"column":15},"end":{"line":17,"column":72}},"8":{"start":{"line":18,"column":2},"end":{"line":18,"column":19}},"9":{"start":{"line":21,"column":0},"end":{"line":21,"column":61}},"10":{"start":{"line":21,"column":33},"end":{"line":21,"column":59}},"11":{"start":{"line":23,"column":0},"end":{"line":26,"column":1}},"12":{"start":{"line":24,"column":15},"end":{"line":24,"column":39}},"13":{"start":{"line":25,"column":2},"end":{"line":25,"column":91}},"14":{"start":{"line":25,"column":25},"end":{"line":25,"column":89}},"15":{"start":{"line":27,"column":0},"end":{"line":27,"column":21}}},"fnMap":{"0":{"name":"(anonymous_0)","decl":{"start":{"line":15,"column":30},"end":{"line":15,"column":31}},"loc":{"start":{"line":15,"column":44},"end":{"line":19,"column":1}},"line":15},"1":{"name":"(anonymous_1)","decl":{"start":{"line":21,"column":19},"end":{"line":21,"column":20}},"loc":{"start":{"line":21,"column":33},"end":{"line":21,"column":59}},"line":21},"2":{"name":"(anonymous_2)","decl":{"start":{"line":25,"column":19},"end":{"line":25,"column":20}},"loc":{"start":{"line":25,"column":25},"end":{"line":25,"column":89}},"line":25}},"branchMap":{"0":{"loc":{"start":{"line":17,"column":2},"end":{"line":17,"column":72}},"type":"if","locations":[{"start":{"line":17,"column":2},"end":{"line":17,"column":72}},{"start":{},"end":{}}],"line":17},"1":{"loc":{"start":{"line":23,"column":0},"end":{"line":26,"column":1}},"type":"if","locations":[{"start":{"line":23,"column":0},"end":{"line":26,"column":1}},{"start":{},"end":{}}],"line":23},"2":{"loc":{"start":{"line":24,"column":15},"end":{"line":24,"column":39}},"type":"binary-expr","locations":[{"start":{"line":24,"column":15},"end":{"line":24,"column":31}},{"start":{"line":24,"column":35},"end":{"line":24,"column":39}}],"line":24}},"s":{"0":1,"1":1,"2":1,"3":1,"4":1,"5":3,"6":3,"7":1,"8":2,"9":1,"10":1,"11":1,"12":0,"13":0,"14":0,"15":1},"f":{"0":3,"1":1,"2":0},"b":{"0":[1,2],"1":[0,1],"2":[0,0]},"_coverageSchema":"1a1c01bbd47fc00a2c39e90264f33305004495a9","hash":"595786e5def39c2a407a14057a20615aee6c45f3","contentHash":"1c5ca7dc1f8e8d858993250d4662a32a9435bcd9e57d8def8a048ed9069820a7"}}